[debug] [2019-03-28T14:34:37.099Z] ----------------------------------------------------------------------
[debug] [2019-03-28T14:34:37.101Z] Command:       C:\Program Files\nodejs\node.exe C:\Users\cabbarrero\AppData\Roaming\npm\node_modules\firebase-tools\lib\bin\firebase.js deploy --only functions
[debug] [2019-03-28T14:34:37.101Z] CLI Version:   6.5.0
[debug] [2019-03-28T14:34:37.101Z] Platform:      win32
[debug] [2019-03-28T14:34:37.102Z] Node Version:  v10.15.1
[debug] [2019-03-28T14:34:37.102Z] Time:          Thu Mar 28 2019 10:34:37 GMT-0400 (Eastern Daylight Time)
[debug] [2019-03-28T14:34:37.102Z] ----------------------------------------------------------------------
[debug] 
[debug] [2019-03-28T14:34:37.110Z] > command requires scopes: ["email","openid","https://www.googleapis.com/auth/cloudplatformprojects.readonly","https://www.googleapis.com/auth/firebase","https://www.googleapis.com/auth/cloud-platform"]
[debug] [2019-03-28T14:34:37.110Z] > authorizing via signed-in user
[debug] [2019-03-28T14:34:37.111Z] [iam] checking project kidos-ca89d for permissions ["cloudfunctions.functions.create","cloudfunctions.functions.delete","cloudfunctions.functions.get","cloudfunctions.functions.list","cloudfunctions.functions.update","cloudfunctions.operations.get","firebase.projects.get"]
[debug] [2019-03-28T14:34:37.112Z] >>> HTTP REQUEST POST https://cloudresourcemanager.googleapis.com/v1/projects/kidos-ca89d:testIamPermissions  

[debug] [2019-03-28T14:34:37.461Z] <<< HTTP RESPONSE 200
[info] 
[info] === Deploying to 'kidos-ca89d'...
[info] 
[info] i  deploying functions
[debug] [2019-03-28T14:34:39.103Z] > [functions] package.json contents: {
  "name": "functions",
  "description": "Cloud Functions for Firebase",
  "scripts": {
    "serve": "firebase serve --only functions",
    "shell": "firebase functions:shell",
    "start": "npm run shell",
    "deploy": "firebase deploy --only functions",
    "logs": "firebase functions:log"
  },
  "dependencies": {
    "firebase-admin": "~7.0.0",
    "firebase-functions": "^2.2.0"
  },
  "private": true
}
[info] i  functions: ensuring necessary APIs are enabled...
[debug] [2019-03-28T14:34:39.104Z] >>> HTTP REQUEST GET https://servicemanagement.googleapis.com/v1/services/cloudfunctions.googleapis.com/projectSettings/kidos-ca89d?view=CONSUMER_VIEW  
 
[debug] [2019-03-28T14:34:39.105Z] >>> HTTP REQUEST GET https://servicemanagement.googleapis.com/v1/services/runtimeconfig.googleapis.com/projectSettings/kidos-ca89d?view=CONSUMER_VIEW  
 
[debug] [2019-03-28T14:34:39.956Z] <<< HTTP RESPONSE 200
[debug] [2019-03-28T14:34:40.041Z] <<< HTTP RESPONSE 200
[info] +  functions: all necessary APIs are enabled
[debug] [2019-03-28T14:34:40.042Z] >>> HTTP REQUEST GET https://cloudresourcemanager.googleapis.com/v1/projects/kidos-ca89d  
 
[debug] [2019-03-28T14:34:40.343Z] <<< HTTP RESPONSE 200
[debug] [2019-03-28T14:34:40.344Z] >>> HTTP REQUEST GET https://mobilesdk-pa.googleapis.com/v1/projects/54939692793:getServerAppConfig  
 
[debug] [2019-03-28T14:34:40.573Z] <<< HTTP RESPONSE 200
[info] i  functions: preparing functions directory for uploading...
[debug] [2019-03-28T14:34:40.578Z] >>> HTTP REQUEST GET https://runtimeconfig.googleapis.com/v1beta1/projects/kidos-ca89d/configs  
 
[debug] [2019-03-28T14:34:40.806Z] <<< HTTP RESPONSE 200
[debug] [2019-03-28T14:34:40.944Z] >>> HTTP REQUEST GET https://cloudfunctions.googleapis.com/v1/projects/kidos-ca89d/locations/-/functions  
 
[debug] [2019-03-28T14:34:41.539Z] <<< HTTP RESPONSE 200
[info] 
The following functions are found in your project but do not exist in your local source code:
	createUser(us-central1)

If you are renaming a function or changing its region, it is recommended that you create the new function first before deleting the old one to prevent event loss. For more info, visit https://firebase.google.com/docs/functions/manage-functions#modify

